0 info it worked if it ends with ok
1 verbose cli [ 'C:\\Program Files\\nodejs\\node.exe',
1 verbose cli   'C:\\Program Files\\nodejs\\node_modules\\npm\\bin\\npm-cli.js',
1 verbose cli   'run',
1 verbose cli   'test' ]
2 info using npm@3.3.6
3 info using node@v5.0.0
4 verbose run-script [ 'pretest', 'test', 'posttest' ]
5 info lifecycle ng-webpack-seed@1.0.0~pretest: ng-webpack-seed@1.0.0
6 silly lifecycle ng-webpack-seed@1.0.0~pretest: no script for pretest, continuing
7 info lifecycle ng-webpack-seed@1.0.0~test: ng-webpack-seed@1.0.0
8 verbose lifecycle ng-webpack-seed@1.0.0~test: unsafe-perm in lifecycle true
9 verbose lifecycle ng-webpack-seed@1.0.0~test: PATH: C:\Program Files\nodejs\node_modules\npm\bin\node-gyp-bin;C:\Users\dballance\Desktop\GitHub\ng-seed\node_modules\.bin;C:\Users\dballance\bin;C:\Users\dballance\AppData\Local\Programs\Git\mingw64\bin;C:\Users\dballance\AppData\Local\Programs\Git\usr\local\bin;C:\Users\dballance\AppData\Local\Programs\Git\usr\bin;C:\Users\dballance\AppData\Local\Programs\Git\usr\bin;C:\Users\dballance\AppData\Local\Programs\Git\mingw64\bin;C:\Users\dballance\AppData\Local\Programs\Git\usr\bin;C:\Users\dballance\bin;C:\Program Files\ImageMagick-6.9.0-Q16;C:\Program Files\Broadcom\Broadcom 802.11 Network Adapter;C:\PROGRAM FILES (X86)\INTEL\ICLS CLIENT;C:\PROGRAM FILES\INTEL\ICLS CLIENT;C:\WINDOWS\SYSTEM32;C:\WINDOWS;C:\WINDOWS\SYSTEM32\WBEM;C:\WINDOWS\SYSTEM32\WINDOWSPOWERSHELL\V1.0;C:\PROGRAM FILES\INTEL\INTEL(R) MANAGEMENT ENGINE COMPONENTS\DAL;C:\PROGRAM FILES\INTEL\INTEL(R) MANAGEMENT ENGINE COMPONENTS\IPT;C:\PROGRAM FILES (X86)\INTEL\INTEL(R) MANAGEMENT ENGINE COMPONENTS\DAL;C:\PROGRAM FILES (X86)\INTEL\INTEL(R) MANAGEMENT ENGINE COMPONENTS\IPT;C:\Program Files\WIDCOMM\Bluetooth Software;C:\Program Files\WIDCOMM\Bluetooth Software\syswow64;C:\Program Files (x86)\Windows Kits\8.1\Windows Performance Toolkit;C:\Program Files\Microsoft SQL Server\110\Tools\Binn;C:\Program Files\Microsoft SQL Server\120\Tools\Binn;C:\Program Files (x86)\Skype\Phone;C:\Program Files (x86)\NVIDIA Corporation\PhysX\Common;C:\WINDOWS\system32;C:\WINDOWS;C:\WINDOWS\System32\Wbem;C:\WINDOWS\System32\WindowsPowerShell\v1.0;C:\Program Files\OpenVPN\bin;C:\Program Files\nodejs;C:\Program Files (x86)\Microsoft VS Code\bin;C:\Users\dballance\AppData\Roaming\npm;C:\Users\dballance\AppData\Local\Programs\Git\cmd;C:\Users\dballance\AppData\Local\Programs\Git\usr\bin\vendor_perl;C:\Users\dballance\AppData\Local\Programs\Git\usr\bin\core_perl
10 verbose lifecycle ng-webpack-seed@1.0.0~test: CWD: C:\Users\dballance\Desktop\GitHub\ng-seed
11 silly lifecycle ng-webpack-seed@1.0.0~test: Args: [ '/d /s /c', 'karma start' ]
12 silly lifecycle ng-webpack-seed@1.0.0~test: Returned: code: 1  signal: null
13 info lifecycle ng-webpack-seed@1.0.0~test: Failed to exec test script
14 verbose stack Error: ng-webpack-seed@1.0.0 test: `karma start`
14 verbose stack Exit status 1
14 verbose stack     at EventEmitter.<anonymous> (C:\Program Files\nodejs\node_modules\npm\lib\utils\lifecycle.js:233:16)
14 verbose stack     at emitTwo (events.js:87:13)
14 verbose stack     at EventEmitter.emit (events.js:172:7)
14 verbose stack     at ChildProcess.<anonymous> (C:\Program Files\nodejs\node_modules\npm\lib\utils\spawn.js:24:14)
14 verbose stack     at emitTwo (events.js:87:13)
14 verbose stack     at ChildProcess.emit (events.js:172:7)
14 verbose stack     at maybeClose (internal/child_process.js:818:16)
14 verbose stack     at Process.ChildProcess._handle.onexit (internal/child_process.js:211:5)
15 verbose pkgid ng-webpack-seed@1.0.0
16 verbose cwd C:\Users\dballance\Desktop\GitHub\ng-seed
17 error Windows_NT 10.0.10240
18 error argv "C:\\Program Files\\nodejs\\node.exe" "C:\\Program Files\\nodejs\\node_modules\\npm\\bin\\npm-cli.js" "run" "test"
19 error node v5.0.0
20 error npm  v3.3.6
21 error code ELIFECYCLE
22 error ng-webpack-seed@1.0.0 test: `karma start`
22 error Exit status 1
23 error Failed at the ng-webpack-seed@1.0.0 test script 'karma start'.
23 error This is most likely a problem with the ng-webpack-seed package,
23 error not with npm itself.
23 error Tell the author that this fails on your system:
23 error     karma start
23 error You can get their info via:
23 error     npm owner ls ng-webpack-seed
23 error There is likely additional logging output above.
24 verbose exit [ 1, true ]
